  camera_circle.cpp
d:\workspace\opengl\learnopengl\yiopengl\wintools.h(3): fatal error C1083: 无法打开包括文件: “glad/glad.h”: No such file or directory
  camera_class.cpp
d:\workspace\opengl\learnopengl\yiopengl\wintools.h(3): fatal error C1083: 无法打开包括文件: “glad/glad.h”: No such file or directory
  global.cpp
d:\workspace\opengl\learnopengl\yiopengl\global.h(3): fatal error C1083: 无法打开包括文件: “glm/glm.hpp”: No such file or directory
  light.cpp
d:\workspace\opengl\learnopengl\yiopengl\wintools.h(3): fatal error C1083: 无法打开包括文件: “glad/glad.h”: No such file or directory
  coordinate_systems_depth.cpp
d:\workspace\opengl\learnopengl\yiopengl\wintools.h(3): fatal error C1083: 无法打开包括文件: “glad/glad.h”: No such file or directory
  cube.cpp
d:\workspace\opengl\learnopengl\yiopengl\cube.h(5): fatal error C1083: 无法打开包括文件: “learnopengl/shader_m.h”: No such file or directory
  main.cpp
d:\workspace\opengl\learnopengl\yiopengl\global.h(3): fatal error C1083: 无法打开包括文件: “glm/glm.hpp”: No such file or directory
  model_loading.cpp
d:\workspace\opengl\learnopengl\yiopengl\wintools.h(3): fatal error C1083: 无法打开包括文件: “glad/glad.h”: No such file or directory
  depth_testing.cpp
d:\workspace\opengl\learnopengl\yiopengl\wintools.h(3): fatal error C1083: 无法打开包括文件: “glad/glad.h”: No such file or directory
  shaders_class.cpp
d:\workspace\opengl\learnopengl\yiopengl\wintools.h(3): fatal error C1083: 无法打开包括文件: “glad/glad.h”: No such file or directory
  stb_image.cpp
d:\workspace\opengl\learnopengl\yiopengl\stb_image.cpp(2): fatal error C1083: 无法打开包括文件: “stb_image.h”: No such file or directory
  textures.cpp
d:\workspace\opengl\learnopengl\yiopengl\wintools.h(3): fatal error C1083: 无法打开包括文件: “glad/glad.h”: No such file or directory
  transformations.cpp
d:\workspace\opengl\learnopengl\yiopengl\wintools.h(3): fatal error C1083: 无法打开包括文件: “glad/glad.h”: No such file or directory
  wintools.cpp
d:\workspace\opengl\learnopengl\yiopengl\wintools.h(3): fatal error C1083: 无法打开包括文件: “glad/glad.h”: No such file or directory
